{
  "stats": {
    "suites": 1,
    "tests": 1,
    "passes": 1,
    "pending": 0,
    "failures": 0,
    "start": "2020-12-13T19:36:56.405Z",
    "end": "2020-12-13T19:37:12.432Z",
    "duration": 16027,
    "testsRegistered": 1,
    "passPercent": 100,
    "pendingPercent": 0,
    "other": 0,
    "hasOther": false,
    "skipped": 0,
    "hasSkipped": false
  },
  "results": [
    {
      "uuid": "03ae15bc-4f01-4f80-af18-85c8aebe8588",
      "title": "",
      "fullFile": "cypress/integration/compra.spec.js",
      "file": "cypress/integration/compra.spec.js",
      "beforeHooks": [],
      "afterHooks": [],
      "tests": [],
      "suites": [
        {
          "uuid": "ee9eb1f3-0477-4c91-a0ab-6ebd230dc7f4",
          "title": "Compra",
          "fullFile": "",
          "file": "",
          "beforeHooks": [],
          "afterHooks": [],
          "tests": [
            {
              "title": "Efetuar uma compra de produto",
              "fullTitle": "Compra Efetuar uma compra de produto",
              "timedOut": null,
              "duration": 15963,
              "state": "passed",
              "speed": "slow",
              "pass": true,
              "fail": false,
              "pending": false,
              "context": null,
              "code": "cy.backgroundLogin();\ncy.visit('/');\nvar nomeProduto = 'Faded Short Sleeve T-shirts';\ncy.contains(nomeProduto).trigger('mouseover');\ncy.contains(nomeProduto).parent() //h5\n.siblings('div.button-container').children('a').first() // add to cart\n.click(); // Validando se o produto foi adicionado ao carrinho com sucesso\ncy.get('.icon-ok').parent() // h2\n.should('contain.text', 'Product successfully added to your shopping cart');\ncy.get('span#layer_cart_product_title').should('contain.text', nomeProduto);\ncy.get(\".button-container a[href$='controller=order']\").click();\ncy.get(\".cart_navigation a[href$='order&step=1']\").click(); // Validando se o endereço da entrega é igual o de cobrança\n//Asserção | Atributo | valor\ncy.get('[type=checkbox]#addressesAreEquals').should('have.attr', 'checked', 'checked');\ncy.get('button[name=processAddress]').click();\ncy.get('[type=checkbox]#cgv').check();\ncy.get('button[name=processCarrier]').click();\ncy.get('.bankwire').click();\ncy.get('.cart_navigation button[type=submit]').find('span').contains('I confirm my order').click();\ncy.get('div.box').invoke('text').then(function (text) {\n  console.log(text.match(/[A-Z][A-Z]+/g)[1]); // Escritar de um arquivo json com conteúdo do pedido\n  // Caminho do arquivo (sempre a partir do root) | conteúdo do arquivo\n  cy.writeFile('cypress/fixtures/pedido.json', {\n    id: \"\".concat(text.match(/[A-Z][A-Z]+/g)[1])\n  });\n});\ncy.get('.cheque-indent strong').should('contain.text', 'Your order on My Store is complete.');\ncy.get(\".cart_navigation a[href$='history']\").click(); // Leitura de arquivo\ncy.readFile('cypress/fixtures/pedido.json').then(function (pedido) {\n  cy.get(\"tr.first_item .history_link a\").should('contain.text', pedido.id);\n}); // [x] 1. Capturar texto do box\n// [] 2. Filtrar o texto do box para extrair somendo o ID do pedido\n// [] 3. Armazenar o ID do pedido de alguma forma\n// [] 4. Obter o ID do pedido armazenado no passo 3 de alguma forma",
              "err": {},
              "uuid": "bd4904b5-8632-4a01-9406-471a0fa33c3d",
              "parentUUID": "ee9eb1f3-0477-4c91-a0ab-6ebd230dc7f4",
              "isHook": false,
              "skipped": false
            }
          ],
          "suites": [],
          "passes": [
            "bd4904b5-8632-4a01-9406-471a0fa33c3d"
          ],
          "failures": [],
          "pending": [],
          "skipped": [],
          "duration": 15963,
          "root": false,
          "rootEmpty": false,
          "_timeout": 2000
        }
      ],
      "passes": [],
      "failures": [],
      "pending": [],
      "skipped": [],
      "duration": 0,
      "root": true,
      "rootEmpty": true,
      "_timeout": 2000
    }
  ],
  "meta": {
    "mocha": {
      "version": "7.0.1"
    },
    "mochawesome": {
      "options": {
        "quiet": true,
        "reportFilename": "mochawesome",
        "saveHtml": false,
        "saveJson": true,
        "consoleReporter": "spec",
        "useInlineDiffs": false,
        "code": true
      },
      "version": "6.2.1"
    },
    "marge": {
      "options": {
        "id": "default",
        "reportDir": "mochawesome-report",
        "quiet": true,
        "overwrite": false,
        "html": false,
        "json": true
      },
      "version": "5.1.0"
    }
  }
}